<component name="libraryTable">
  <library name="junit-4.13-beta-2">
    <CLASSES>
      <root url="jar://$USER_HOME$/dev/tools/junit-4.13/junit-4.13-beta-2.jar!/" />
    </CLASSES>
    <JAVADOC />
    <SOURCES />
  </library>
</component>